Sizes:
NI: 8000 NJ: 4000 NK: 32
num_threads: 8
exe_time(s): 0.067087
exe_time(s): 0.048296
exe_time(s): 0.048137
exe_time(s): 0.048338
exe_time(s): 0.048581
exe_time(s): 0.048332
exe_time(s): 0.048307
exe_time(s): 0.048309
exe_time(s): 0.048609
exe_time(s): 0.048344
exe_time(s): 0.048388
exe_time(s): 0.048259
exe_time(s): 0.048256
exe_time(s): 0.048284
exe_time(s): 0.048319
exe_time(s): 0.048296
exe_time(s): 0.048692
exe_time(s): 0.049270
exe_time(s): 0.048646
exe_time(s): 0.048404
exe_time(s): 0.105918
exe_time(s): 0.082773
exe_time(s): 0.048423
exe_time(s): 0.048203
exe_time(s): 0.066830
exe_time(s): 0.049413
exe_time(s): 0.048189
exe_time(s): 0.064356
exe_time(s): 0.048680
exe_time(s): 0.048233
exe_time(s): 0.048096
exe_time(s): 0.048146
exe_time(s): 0.048218
exe_time(s): 0.060741
exe_time(s): 0.050476
exe_time(s): 0.048175
exe_time(s): 0.048746
exe_time(s): 0.048372
exe_time(s): 0.090667
exe_time(s): 0.076219
exe_time(s): 0.050151
exe_time(s): 0.064711
exe_time(s): 0.048904
exe_time(s): 0.048118
exe_time(s): 0.048466
exe_time(s): 0.048129
exe_time(s): 0.048178
exe_time(s): 0.048456
exe_time(s): 0.048201
exe_time(s): 0.048243
exe_time(s): 0.048527
exe_time(s): 0.048514
exe_time(s): 0.048336
exe_time(s): 0.048217
exe_time(s): 0.048286
exe_time(s): 0.048465
exe_time(s): 0.048558
exe_time(s): 0.048396
exe_time(s): 0.048606
exe_time(s): 0.048551
exe_time(s): 0.048624
exe_time(s): 0.048465
exe_time(s): 0.048853
exe_time(s): 0.048938
exe_time(s): 0.049041
exe_time(s): 0.048526
exe_time(s): 0.048626
exe_time(s): 0.048854
exe_time(s): 0.048633
exe_time(s): 0.048666
exe_time(s): 0.048825
exe_time(s): 0.048937
exe_time(s): 0.048784
exe_time(s): 0.049057
exe_time(s): 0.048736
exe_time(s): 0.048768
exe_time(s): 0.048847
exe_time(s): 0.048964
exe_time(s): 0.056150
exe_time(s): 0.055079
exe_time(s): 0.048979
exe_time(s): 0.048832
exe_time(s): 0.048585
exe_time(s): 0.048582
exe_time(s): 0.048625
exe_time(s): 0.049437
exe_time(s): 0.048434
exe_time(s): 0.048483
exe_time(s): 0.048484
exe_time(s): 0.048417
exe_time(s): 0.048507
exe_time(s): 0.048570
exe_time(s): 0.048586
exe_time(s): 0.048600
exe_time(s): 0.048609
exe_time(s): 0.048585
exe_time(s): 0.048503
exe_time(s): 0.048547
exe_time(s): 0.048512
exe_time(s): 0.048642
c[6]: 2991999.999993
